<?xml version="1.0" encoding="UTF-8"?>
<!-- Generated by org.testng.reporters.JUnitReportReporter -->
<testsuite hostname="DESKTOP-VIG561Q" failures="0" tests="4" name="org.selenium.pom.tests.MyFirstTestCase" time="133.668" errors="0" timestamp="2021-08-02T11:04:46 IST" skipped="0">
  <testcase classname="org.selenium.pom.tests.MyFirstTestCase" name="guestCheckoutUsingDirectBankTransfer" time="36.775"/>
  <system-out/>
  <testcase classname="org.selenium.pom.tests.MyFirstTestCase" name="loginAndCheckoutUsingDirectBankTransfer" time="38.196"/>
  <system-out/>
  <testcase classname="org.selenium.pom.tests.MyFirstTestCase" name="guestCheckoutUsingDirectBankTransfer" time="28.049"/>
  <system-out/>
  <testcase classname="org.selenium.pom.tests.MyFirstTestCase" name="loginAndCheckoutUsingDirectBankTransfer" time="30.648"/>
  <system-out/>
</testsuite> <!-- org.selenium.pom.tests.MyFirstTestCase -->
